DCIM_NICView
  AutoNegotiation = 2
  BusNumber = 1
  ControllerBIOSVersion = 7.13.54
  CurrentMACAddress = 20:47:47:80:C1:46
  DataBusWidth = 0002
  DeviceDescription = Integrated NIC 1 Port 2 Partition 1
  DeviceNumber = 0
  EFIVersion = 7.14.6
  FCoEOffloadMode = 3
  FCoEWWNN = 20:47:47:80:c1:47
  FQDD = NIC.Integrated.1-2-1
  FamilyVersion = 08.07.25
  FunctionNumber = 1
  InstanceID = NIC.Integrated.1-2-1
  LastSystemInventoryTime = 20160818173256.000000+000
  LastUpdateTime = 20160818183245.000000+000
  LinkDuplex = 1
  LinkSpeed = 3
  MaxBandwidth = 100
  MediaType = KR,KX
  MinBandwidth = 0
  NicMode = 2
  PCIDeviceID = 168E
  PCISubDeviceID = 1f5f
  PCISubVendorID = 1028
  PCIVendorID = 14e4
  PermanentFCOEMACAddress = 20:47:47:80:c1:47
  PermanentMACAddress = 20:47:47:80:C1:46
  PermanentiSCSIMACAddress = 20:47:47:80:C1:47
  ProductName = QLogic 577xx/578xx 10 Gb Ethernet BCM57810 - 20:47:47:80:C1:46
  Protocol = NIC,iSCSI,FCoE
  ReceiveFlowControl = 3
  SlotLength = 0002
  SlotType = 0002
  TransmitFlowControl = 3
  VendorName = QLogic
  VirtWWN = 20:00:20:47:47:80:C1:47
  VirtWWPN = 20:01:20:47:47:80:C1:47
  WWN = <Nil>
  WWPN = 20:01:20:47:47:80:C1:47
  iScsiOffloadMode = 3


DCIM_NICView
  AutoNegotiation = 2
  BusNumber = 1
  ControllerBIOSVersion = 7.13.54
  CurrentMACAddress = 20:47:47:80:C1:44
  DataBusWidth = 0002
  DeviceDescription = Integrated NIC 1 Port 1 Partition 1
  DeviceNumber = 0
  EFIVersion = 7.14.6
  FCoEOffloadMode = 3
  FCoEWWNN = 20:47:47:80:c1:45
  FQDD = NIC.Integrated.1-1-1
  FamilyVersion = 08.07.25
  FunctionNumber = 0
  InstanceID = NIC.Integrated.1-1-1
  LastSystemInventoryTime = 20160818181305.000000+000
  LastUpdateTime = 20160818191253.000000+000
  LinkDuplex = 1
  LinkSpeed = 3
  MaxBandwidth = 100
  MediaType = KR,KX
  MinBandwidth = 0
  NicMode = 2
  PCIDeviceID = 168E
  PCISubDeviceID = 1f5f
  PCISubVendorID = 1028
  PCIVendorID = 14e4
  PermanentFCOEMACAddress = 20:47:47:80:c1:45
  PermanentMACAddress = 20:47:47:80:C1:44
  PermanentiSCSIMACAddress = 20:47:47:80:C1:45
  ProductName = QLogic 577xx/578xx 10 Gb Ethernet BCM57810 - 20:47:47:80:C1:44
  Protocol = NIC,iSCSI,FCoE
  ReceiveFlowControl = 3
  SlotLength = 0002
  SlotType = 0002
  TransmitFlowControl = 3
  VendorName = QLogic
  VirtWWN = 20:00:20:47:47:80:C1:45
  VirtWWPN = 20:01:20:47:47:80:C1:45
  WWN = <Nil>
  WWPN = 20:01:20:47:47:80:C1:45
  iScsiOffloadMode = 3


